# JRE version: Java(TM) SE Runtime Environment (8.0_162-b12) (build 1.8.0_162-b12)
# Java VM: Java HotSpot(TM) 64-Bit Server VM (25.162-b12 mixed mode windows-amd64 compressed oops)
Heap:
 PSYoungGen      total 245760K, used 50160K [0x000000076b700000, 0x000000077b380000, 0x00000007c0000000)
  eden space 232960K, 21% used [0x000000076b700000,0x000000076e7fc018,0x0000000779a80000)
  from space 12800K, 0% used [0x0000000779a80000,0x0000000779a80000,0x000000077a700000)
  to   space 11264K, 0% used [0x000000077a880000,0x000000077a880000,0x000000077b380000)
 ParOldGen       total 122880K, used 12992K [0x00000006c2400000, 0x00000006c9c00000, 0x000000076b700000)
  object space 122880K, 10% used [0x00000006c2400000,0x00000006c30b0150,0x00000006c9c00000)
 Metaspace       used 37505K, capacity 40094K, committed 40232K, reserved 1083392K
  class space    used 4864K, capacity 5350K, committed 5416K, reserved 1048576K
GC Heap History (10 events):
Event: 8.963 GC heap before
{Heap before GC invocations=5 (full 1):
 PSYoungGen      total 140800K, used 6733K [0x000000076b700000, 0x0000000774b00000, 0x00000007c0000000)
  eden space 130048K, 0% used [0x000000076b700000,0x000000076b700000,0x0000000773600000)
  from space 10752K, 62% used [0x0000000774080000,0x0000000774713418,0x0000000774b00000)
  to   space 10752K, 0% used [0x0000000773600000,0x0000000773600000,0x0000000774080000)
 ParOldGen       total 173568K, used 48K [0x00000006c2400000, 0x00000006ccd80000, 0x000000076b700000)
  object space 173568K, 0% used [0x00000006c2400000,0x00000006c240c000,0x00000006ccd80000)
 Metaspace       used 19720K, capacity 21210K, committed 21296K, reserved 1067008K
  class space    used 2580K, capacity 2886K, committed 2944K, reserved 1048576K
Event: 9.049 GC heap after
Heap after GC invocations=5 (full 1):
 PSYoungGen      total 140800K, used 0K [0x000000076b700000, 0x0000000774b00000, 0x00000007c0000000)
  eden space 130048K, 0% used [0x000000076b700000,0x000000076b700000,0x0000000773600000)
  from space 10752K, 0% used [0x0000000774080000,0x0000000774080000,0x0000000774b00000)
  to   space 10752K, 0% used [0x0000000773600000,0x0000000773600000,0x0000000774080000)
 ParOldGen       total 85504K, used 6589K [0x00000006c2400000, 0x00000006c7780000, 0x000000076b700000)
  object space 85504K, 7% used [0x00000006c2400000,0x00000006c2a6f6a0,0x00000006c7780000)
 Metaspace       used 19720K, capacity 21210K, committed 21296K, reserved 1067008K
  class space    used 2580K, capacity 2886K, committed 2944K, reserved 1048576K
}
Event: 13.190 GC heap before
{Heap before GC invocations=6 (full 1):
 PSYoungGen      total 140800K, used 130048K [0x000000076b700000, 0x0000000774b00000, 0x00000007c0000000)
  eden space 130048K, 100% used [0x000000076b700000,0x0000000773600000,0x0000000773600000)
  from space 10752K, 0% used [0x0000000774080000,0x0000000774080000,0x0000000774b00000)
  to   space 10752K, 0% used [0x0000000773600000,0x0000000773600000,0x0000000774080000)
 ParOldGen       total 85504K, used 6589K [0x00000006c2400000, 0x00000006c7780000, 0x000000076b700000)
  object space 85504K, 7% used [0x00000006c2400000,0x00000006c2a6f6a0,0x00000006c7780000)
 Metaspace       used 27534K, capacity 29412K, committed 29568K, reserved 1075200K
  class space    used 3591K, capacity 3961K, committed 3968K, reserved 1048576K
Event: 13.397 GC heap after
Heap after GC invocations=6 (full 1):
 PSYoungGen      total 140800K, used 10739K [0x000000076b700000, 0x000000077b480000, 0x00000007c0000000)
  eden space 130048K, 0% used [0x000000076b700000,0x000000076b700000,0x0000000773600000)
  from space 10752K, 99% used [0x0000000773600000,0x000000077407ccd0,0x0000000774080000)
  to   space 12288K, 0% used [0x000000077a880000,0x000000077a880000,0x000000077b480000)
 ParOldGen       total 85504K, used 7863K [0x00000006c2400000, 0x00000006c7780000, 0x000000076b700000)
  object space 85504K, 9% used [0x00000006c2400000,0x00000006c2badc00,0x00000006c7780000)
 Metaspace       used 27534K, capacity 29412K, committed 29568K, reserved 1075200K
  class space    used 3591K, capacity 3961K, committed 3968K, reserved 1048576K
}
Event: 18.643 GC heap before
{Heap before GC invocations=7 (full 1):
 PSYoungGen      total 140800K, used 140787K [0x000000076b700000, 0x000000077b480000, 0x00000007c0000000)
  eden space 130048K, 100% used [0x000000076b700000,0x0000000773600000,0x0000000773600000)
  from space 10752K, 99% used [0x0000000773600000,0x000000077407ccd0,0x0000000774080000)
  to   space 12288K, 0% used [0x000000077a880000,0x000000077a880000,0x000000077b480000)
 ParOldGen       total 85504K, used 7863K [0x00000006c2400000, 0x00000006c7780000, 0x000000076b700000)
  object space 85504K, 9% used [0x00000006c2400000,0x00000006c2badc00,0x00000006c7780000)
 Metaspace       used 32539K, capacity 35068K, committed 35200K, reserved 1079296K
  class space    used 4250K, capacity 4711K, committed 4736K, reserved 1048576K
Event: 18.755 GC heap after
Heap after GC invocations=7 (full 1):
 PSYoungGen      total 244224K, used 10366K [0x000000076b700000, 0x000000077b380000, 0x00000007c0000000)
  eden space 232960K, 0% used [0x000000076b700000,0x000000076b700000,0x0000000779a80000)
  from space 11264K, 92% used [0x000000077a880000,0x000000077b29fbc8,0x000000077b380000)
  to   space 12800K, 0% used [0x0000000779a80000,0x0000000779a80000,0x000000077a700000)
 ParOldGen       total 85504K, used 7871K [0x00000006c2400000, 0x00000006c7780000, 0x000000076b700000)
  object space 85504K, 9% used [0x00000006c2400000,0x00000006c2bafc00,0x00000006c7780000)
 Metaspace       used 32539K, capacity 35068K, committed 35200K, reserved 1079296K
  class space    used 4250K, capacity 4711K, committed 4736K, reserved 1048576K
}
Event: 19.204 GC heap before
{Heap before GC invocations=8 (full 1):
 PSYoungGen      total 244224K, used 26492K [0x000000076b700000, 0x000000077b380000, 0x00000007c0000000)
  eden space 232960K, 6% used [0x000000076b700000,0x000000076c6bf710,0x0000000779a80000)
  from space 11264K, 92% used [0x000000077a880000,0x000000077b29fbc8,0x000000077b380000)
  to   space 12800K, 0% used [0x0000000779a80000,0x0000000779a80000,0x000000077a700000)
 ParOldGen       total 85504K, used 7871K [0x00000006c2400000, 0x00000006c7780000, 0x000000076b700000)
  object space 85504K, 9% used [0x00000006c2400000,0x00000006c2bafc00,0x00000006c7780000)
 Metaspace       used 33020K, capacity 35476K, committed 35496K, reserved 1079296K
  class space    used 4319K, capacity 4759K, committed 4776K, reserved 1048576K
Event: 19.228 GC heap after
Heap after GC invocations=8 (full 1):
 PSYoungGen      total 245760K, used 7775K [0x000000076b700000, 0x000000077b380000, 0x00000007c0000000)
  eden space 232960K, 0% used [0x000000076b700000,0x000000076b700000,0x0000000779a80000)
  from space 12800K, 60% used [0x0000000779a80000,0x000000077a217cf0,0x000000077a700000)
  to   space 11264K, 0% used [0x000000077a880000,0x000000077a880000,0x000000077b380000)
 ParOldGen       total 85504K, used 7879K [0x00000006c2400000, 0x00000006c7780000, 0x000000076b700000)
  object space 85504K, 9% used [0x00000006c2400000,0x00000006c2bb1c00,0x00000006c7780000)
 Metaspace       used 33020K, capacity 35476K, committed 35496K, reserved 1079296K
  class space    used 4319K, capacity 4759K, committed 4776K, reserved 1048576K
}
Event: 19.228 GC heap before
{Heap before GC invocations=9 (full 2):
 PSYoungGen      total 245760K, used 7775K [0x000000076b700000, 0x000000077b380000, 0x00000007c0000000)
  eden space 232960K, 0% used [0x000000076b700000,0x000000076b700000,0x0000000779a80000)
  from space 12800K, 60% used [0x0000000779a80000,0x000000077a217cf0,0x000000077a700000)
  to   space 11264K, 0% used [0x000000077a880000,0x000000077a880000,0x000000077b380000)
 ParOldGen       total 85504K, used 7879K [0x00000006c2400000, 0x00000006c7780000, 0x000000076b700000)
  object space 85504K, 9% used [0x00000006c2400000,0x00000006c2bb1c00,0x00000006c7780000)
 Metaspace       used 33020K, capacity 35476K, committed 35496K, reserved 1079296K
  class space    used 4319K, capacity 4759K, committed 4776K, reserved 1048576K
Event: 19.612 GC heap after
Heap after GC invocations=9 (full 2):
 PSYoungGen      total 245760K, used 0K [0x000000076b700000, 0x000000077b380000, 0x00000007c0000000)
  eden space 232960K, 0% used [0x000000076b700000,0x000000076b700000,0x0000000779a80000)
  from space 12800K, 0% used [0x0000000779a80000,0x0000000779a80000,0x000000077a700000)
  to   space 11264K, 0% used [0x000000077a880000,0x000000077a880000,0x000000077b380000)
 ParOldGen       total 122880K, used 12992K [0x00000006c2400000, 0x00000006c9c00000, 0x000000076b700000)
  object space 122880K, 10% used [0x00000006c2400000,0x00000006c30b0150,0x00000006c9c00000)
 Metaspace       used 33020K, capacity 35476K, committed 35496K, reserved 1079296K
  class space    used 4319K, capacity 4759K, committed 4776K, reserved 1048576K
}

